<?xml version="1.0" encoding="UTF-8"?>
<testng-results ignored="0" total="1" passed="1" failed="0" skipped="0">
  <reporter-output>
  </reporter-output>
  <suite started-at="2024-09-30T14:06:13 IST" name="Default suite" finished-at="2024-09-30T14:06:23 IST" duration-ms="10556">
    <groups>
    </groups>
    <test started-at="2024-09-30T14:06:13 IST" name="Default test" finished-at="2024-09-30T14:06:23 IST" duration-ms="10556">
      <class name="SauceDemobyTc7to24">
        <test-method signature="verifyPrice()[pri:0, instance:SauceDemobyTc7to24@5562c41e]" started-at="2024-09-30T14:06:13 IST" name="verifyPrice" finished-at="2024-09-30T14:06:23 IST" duration-ms="10494" status="PASS">
          <reporter-output>
          </reporter-output>
        </test-method> <!-- verifyPrice -->
      </class> <!-- SauceDemobyTc7to24 -->
    </test> <!-- Default test -->
  </suite> <!-- Default suite -->
</testng-results>
