<?xml version="1.0" encoding="UTF-8"?>
<testng-results ignored="0" total="1" passed="1" failed="0" skipped="0">
  <reporter-output>
  </reporter-output>
  <suite started-at="2024-09-30T14:55:54 IST" name="Default suite" finished-at="2024-09-30T14:56:06 IST" duration-ms="12487">
    <groups>
    </groups>
    <test started-at="2024-09-30T14:55:54 IST" name="Default test" finished-at="2024-09-30T14:56:06 IST" duration-ms="12487">
      <class name="SauceDemobyXpathTestCase6to24">
        <test-method signature="verifyPrice()[pri:0, instance:SauceDemobyXpathTestCase6to24@5562c41e]" started-at="2024-09-30T14:55:54 IST" name="verifyPrice" finished-at="2024-09-30T14:56:06 IST" duration-ms="12424" status="PASS">
          <reporter-output>
          </reporter-output>
        </test-method> <!-- verifyPrice -->
      </class> <!-- SauceDemobyXpathTestCase6to24 -->
    </test> <!-- Default test -->
  </suite> <!-- Default suite -->
</testng-results>
